0 info it worked if it ends with ok
1 verbose cli [ '/usr/local/Cellar/node/6.3.0/bin/node',
1 verbose cli   '/usr/local/bin/npm',
1 verbose cli   'start' ]
2 info using npm@3.10.5
3 info using node@v6.3.0
4 verbose run-script [ 'prestart', 'start', 'poststart' ]
5 info lifecycle your-app@0.1.0~prestart: your-app@0.1.0
6 silly lifecycle your-app@0.1.0~prestart: no script for prestart, continuing
7 info lifecycle your-app@0.1.0~start: your-app@0.1.0
8 verbose lifecycle your-app@0.1.0~start: unsafe-perm in lifecycle true
9 verbose lifecycle your-app@0.1.0~start: PATH: /usr/local/lib/node_modules/npm/bin/node-gyp-bin:/Users/dv/Dropbox/ror/elec/second-app/node_modules/.bin:/usr/local/Cellar/node/6.3.0/bin:/Users/dv/.rvm/gems/ruby-2.2.2/bin:/Users/dv/.rvm/gems/ruby-2.2.2@global/bin:/Users/dv/.rvm/rubies/ruby-2.2.2/bin:/usr/local/bin:/usr/local/sbin:~/bin:/usr/local/bin:/usr/bin:/bin:/usr/sbin:/sbin:/opt/X11/bin:/Users/dv/.rvm/bin
10 verbose lifecycle your-app@0.1.0~start: CWD: /Users/dv/Dropbox/ror/elec/second-app
11 silly lifecycle your-app@0.1.0~start: Args: [ '-c',
11 silly lifecycle   'NODE_ENV=development electron app/javascripts/main/index.js' ]
12 silly lifecycle your-app@0.1.0~start: Returned: code: 1  signal: null
13 info lifecycle your-app@0.1.0~start: Failed to exec start script
14 verbose stack Error: your-app@0.1.0 start: `NODE_ENV=development electron app/javascripts/main/index.js`
14 verbose stack Exit status 1
14 verbose stack     at EventEmitter.<anonymous> (/usr/local/lib/node_modules/npm/lib/utils/lifecycle.js:242:16)
14 verbose stack     at emitTwo (events.js:106:13)
14 verbose stack     at EventEmitter.emit (events.js:191:7)
14 verbose stack     at ChildProcess.<anonymous> (/usr/local/lib/node_modules/npm/lib/utils/spawn.js:40:14)
14 verbose stack     at emitTwo (events.js:106:13)
14 verbose stack     at ChildProcess.emit (events.js:191:7)
14 verbose stack     at maybeClose (internal/child_process.js:852:16)
14 verbose stack     at Process.ChildProcess._handle.onexit (internal/child_process.js:215:5)
15 verbose pkgid your-app@0.1.0
16 verbose cwd /Users/dv/Dropbox/ror/elec/second-app
17 error Darwin 14.3.0
18 error argv "/usr/local/Cellar/node/6.3.0/bin/node" "/usr/local/bin/npm" "start"
19 error node v6.3.0
20 error npm  v3.10.5
21 error code ELIFECYCLE
22 error your-app@0.1.0 start: `NODE_ENV=development electron app/javascripts/main/index.js`
22 error Exit status 1
23 error Failed at the your-app@0.1.0 start script 'NODE_ENV=development electron app/javascripts/main/index.js'.
23 error Make sure you have the latest version of node.js and npm installed.
23 error If you do, this is most likely a problem with the your-app package,
23 error not with npm itself.
23 error Tell the author that this fails on your system:
23 error     NODE_ENV=development electron app/javascripts/main/index.js
23 error You can get information on how to open an issue for this project with:
23 error     npm bugs your-app
23 error Or if that isn't available, you can get their info via:
23 error     npm owner ls your-app
23 error There is likely additional logging output above.
24 verbose exit [ 1, true ]
